# JRE version: Java(TM) SE Runtime Environment (17.0.12+8) (build 17.0.12+8-LTS-286)
# Java VM: Java HotSpot(TM) 64-Bit Server VM (17.0.12+8-LTS-286, mixed mode, sharing, tiered, compressed oops, compressed class ptrs, g1 gc, windows-amd64)
GC Precious Log:
 CPUs: 8 total, 8 available
 Memory: 8066M
 Large Page Support: Disabled
 NUMA Support: Disabled
 Compressed Oops: Enabled (32-bit)
 Heap Region Size: 1M
 Heap Min Capacity: 8M
 Heap Initial Capacity: 128M
 Heap Max Capacity: 2G
 Pre-touch: Disabled
 Parallel Workers: 8
 Concurrent Workers: 2
 Concurrent Refinement Workers: 8
 Periodic GC: Disabled
Heap:
 garbage-first heap   total 320512K, used 89308K [0x0000000080000000, 0x0000000100000000)
  region size 1024K, 2 young (2048K), 2 survivors (2048K)
 Metaspace       used 122368K, committed 123136K, reserved 557056K
  class space    used 15738K, committed 16064K, reserved 425984K
GC Heap History (20 events):
Event: 34.810 GC heap after
{Heap after GC invocations=66 (full 0):
 garbage-first heap   total 227328K, used 78180K [0x0000000080000000, 0x0000000100000000)
  region size 1024K, 3 young (3072K), 3 survivors (3072K)
 Metaspace       used 76941K, committed 77568K, reserved 557056K
  class space    used 10346K, committed 10624K, reserved 425984K
}
Event: 36.217 GC heap before
{Heap before GC invocations=66 (full 0):
 garbage-first heap   total 227328K, used 184676K [0x0000000080000000, 0x0000000100000000)
  region size 1024K, 106 young (108544K), 3 survivors (3072K)
 Metaspace       used 86351K, committed 86976K, reserved 557056K
  class space    used 11533K, committed 11776K, reserved 425984K
}
Event: 36.228 GC heap after
{Heap after GC invocations=67 (full 0):
 garbage-first heap   total 227328K, used 80816K [0x0000000080000000, 0x0000000100000000)
  region size 1024K, 6 young (6144K), 6 survivors (6144K)
 Metaspace       used 86351K, committed 86976K, reserved 557056K
  class space    used 11533K, committed 11776K, reserved 425984K
}
Event: 37.908 GC heap before
{Heap before GC invocations=67 (full 0):
 garbage-first heap   total 227328K, used 184240K [0x0000000080000000, 0x0000000100000000)
  region size 1024K, 107 young (109568K), 6 survivors (6144K)
 Metaspace       used 94757K, committed 95424K, reserved 557056K
  class space    used 12452K, committed 12736K, reserved 425984K
}
Event: 37.916 GC heap after
{Heap after GC invocations=68 (full 0):
 garbage-first heap   total 227328K, used 87949K [0x0000000080000000, 0x0000000100000000)
  region size 1024K, 13 young (13312K), 13 survivors (13312K)
 Metaspace       used 94757K, committed 95424K, reserved 557056K
  class space    used 12452K, committed 12736K, reserved 425984K
}
Event: 39.382 GC heap before
{Heap before GC invocations=68 (full 0):
 garbage-first heap   total 227328K, used 184205K [0x0000000080000000, 0x0000000100000000)
  region size 1024K, 107 young (109568K), 13 survivors (13312K)
 Metaspace       used 108050K, committed 108736K, reserved 557056K
  class space    used 13794K, committed 14080K, reserved 425984K
}
Event: 39.392 GC heap after
{Heap after GC invocations=69 (full 0):
 garbage-first heap   total 227328K, used 90529K [0x0000000080000000, 0x0000000100000000)
  region size 1024K, 3 young (3072K), 3 survivors (3072K)
 Metaspace       used 108050K, committed 108736K, reserved 557056K
  class space    used 13794K, committed 14080K, reserved 425984K
}
Event: 40.053 GC heap before
{Heap before GC invocations=69 (full 0):
 garbage-first heap   total 227328K, used 123297K [0x0000000080000000, 0x0000000100000000)
  region size 1024K, 36 young (36864K), 3 survivors (3072K)
 Metaspace       used 112445K, committed 113088K, reserved 557056K
  class space    used 14416K, committed 14720K, reserved 425984K
}
Event: 40.058 GC heap after
{Heap after GC invocations=70 (full 0):
 garbage-first heap   total 227328K, used 91413K [0x0000000080000000, 0x0000000100000000)
  region size 1024K, 4 young (4096K), 4 survivors (4096K)
 Metaspace       used 112445K, committed 113088K, reserved 557056K
  class space    used 14416K, committed 14720K, reserved 425984K
}
Event: 50.248 GC heap before
{Heap before GC invocations=71 (full 0):
 garbage-first heap   total 227328K, used 186602K [0x0000000080000000, 0x0000000100000000)
  region size 1024K, 98 young (100352K), 4 survivors (4096K)
 Metaspace       used 122341K, committed 123072K, reserved 557056K
  class space    used 15734K, committed 16064K, reserved 425984K
}
Event: 50.256 GC heap after
{Heap after GC invocations=72 (full 0):
 garbage-first heap   total 227328K, used 95339K [0x0000000080000000, 0x0000000100000000)
  region size 1024K, 9 young (9216K), 9 survivors (9216K)
 Metaspace       used 122341K, committed 123072K, reserved 557056K
  class space    used 15734K, committed 16064K, reserved 425984K
}
Event: 50.261 GC heap before
{Heap before GC invocations=72 (full 0):
 garbage-first heap   total 227328K, used 97387K [0x0000000080000000, 0x0000000100000000)
  region size 1024K, 11 young (11264K), 9 survivors (9216K)
 Metaspace       used 122368K, committed 123136K, reserved 557056K
  class space    used 15738K, committed 16064K, reserved 425984K
}
Event: 50.268 GC heap after
{Heap after GC invocations=73 (full 0):
 garbage-first heap   total 227328K, used 94237K [0x0000000080000000, 0x0000000100000000)
  region size 1024K, 2 young (2048K), 2 survivors (2048K)
 Metaspace       used 122368K, committed 123136K, reserved 557056K
  class space    used 15738K, committed 16064K, reserved 425984K
}
Event: 50.450 GC heap before
{Heap before GC invocations=73 (full 0):
 garbage-first heap   total 227328K, used 187421K [0x0000000080000000, 0x0000000100000000)
  region size 1024K, 93 young (95232K), 2 survivors (2048K)
 Metaspace       used 122368K, committed 123136K, reserved 557056K
  class space    used 15738K, committed 16064K, reserved 425984K
}
Event: 50.452 GC heap after
{Heap after GC invocations=74 (full 0):
 garbage-first heap   total 227328K, used 94336K [0x0000000080000000, 0x0000000100000000)
  region size 1024K, 2 young (2048K), 2 survivors (2048K)
 Metaspace       used 122368K, committed 123136K, reserved 557056K
  class space    used 15738K, committed 16064K, reserved 425984K
}
Event: 50.643 GC heap before
{Heap before GC invocations=75 (full 0):
 garbage-first heap   total 227328K, used 189568K [0x0000000080000000, 0x0000000100000000)
  region size 1024K, 95 young (97280K), 2 survivors (2048K)
 Metaspace       used 122368K, committed 123136K, reserved 557056K
  class space    used 15738K, committed 16064K, reserved 425984K
}
Event: 50.645 GC heap after
{Heap after GC invocations=76 (full 0):
 garbage-first heap   total 227328K, used 95606K [0x0000000080000000, 0x0000000100000000)
  region size 1024K, 3 young (3072K), 3 survivors (3072K)
 Metaspace       used 122368K, committed 123136K, reserved 557056K
  class space    used 15738K, committed 16064K, reserved 425984K
}
Event: 50.664 GC heap before
{Heap before GC invocations=76 (full 0):
 garbage-first heap   total 227328K, used 103798K [0x0000000080000000, 0x0000000100000000)
  region size 1024K, 11 young (11264K), 3 survivors (3072K)
 Metaspace       used 122368K, committed 123136K, reserved 557056K
  class space    used 15738K, committed 16064K, reserved 425984K
}
Event: 50.666 GC heap after
{Heap after GC invocations=77 (full 0):
 garbage-first heap   total 227328K, used 88111K [0x0000000080000000, 0x0000000100000000)
  region size 1024K, 1 young (1024K), 1 survivors (1024K)
 Metaspace       used 122368K, committed 123136K, reserved 557056K
  class space    used 15738K, committed 16064K, reserved 425984K
}
Event: 50.846 GC heap before
{Heap before GC invocations=77 (full 0):
 garbage-first heap   total 227328K, used 190511K [0x0000000080000000, 0x0000000100000000)
  region size 1024K, 101 young (103424K), 1 survivors (1024K)
 Metaspace       used 122368K, committed 123136K, reserved 557056K
  class space    used 15738K, committed 16064K, reserved 425984K
}

