# JRE version: Java(TM) SE Runtime Environment (17.0.12+8) (build 17.0.12+8-LTS-286)
# Java VM: Java HotSpot(TM) 64-Bit Server VM (17.0.12+8-LTS-286, mixed mode, sharing, tiered, compressed oops, compressed class ptrs, g1 gc, windows-amd64)
GC Precious Log:
 CPUs: 8 total, 8 available
 Memory: 8066M
 Large Page Support: Disabled
 NUMA Support: Disabled
 Compressed Oops: Enabled (Zero based)
 Heap Region Size: 2M
 Heap Min Capacity: 8M
 Heap Initial Capacity: 128M
 Heap Max Capacity: 4G
 Pre-touch: Disabled
 Parallel Workers: 8
 Concurrent Workers: 2
 Concurrent Refinement Workers: 8
 Periodic GC: Disabled
Heap:
 garbage-first heap   total 178176K, used 94205K [0x0000000700000000, 0x0000000800000000)
  region size 2048K, 2 young (4096K), 2 survivors (4096K)
 Metaspace       used 132450K, committed 133248K, reserved 983040K
  class space    used 16920K, committed 17280K, reserved 851968K
GC Heap History (20 events):
Event: 26.031 GC heap after
{Heap after GC invocations=34 (full 0):
 garbage-first heap   total 178176K, used 86766K [0x0000000700000000, 0x0000000800000000)
  region size 2048K, 5 young (10240K), 5 survivors (10240K)
 Metaspace       used 107169K, committed 107840K, reserved 983040K
  class space    used 13937K, committed 14272K, reserved 851968K
}
Event: 26.978 GC heap before
{Heap before GC invocations=34 (full 0):
 garbage-first heap   total 178176K, used 144110K [0x0000000700000000, 0x0000000800000000)
  region size 2048K, 33 young (67584K), 5 survivors (10240K)
 Metaspace       used 108727K, committed 109568K, reserved 983040K
  class space    used 14071K, committed 14464K, reserved 851968K
}
Event: 26.984 GC heap after
{Heap after GC invocations=35 (full 0):
 garbage-first heap   total 178176K, used 86729K [0x0000000700000000, 0x0000000800000000)
  region size 2048K, 4 young (8192K), 4 survivors (8192K)
 Metaspace       used 108727K, committed 109568K, reserved 983040K
  class space    used 14071K, committed 14464K, reserved 851968K
}
Event: 27.463 GC heap before
{Heap before GC invocations=35 (full 0):
 garbage-first heap   total 178176K, used 139977K [0x0000000700000000, 0x0000000800000000)
  region size 2048K, 30 young (61440K), 4 survivors (8192K)
 Metaspace       used 109242K, committed 110016K, reserved 983040K
  class space    used 14104K, committed 14464K, reserved 851968K
}
Event: 27.465 GC heap after
{Heap after GC invocations=36 (full 0):
 garbage-first heap   total 178176K, used 81127K [0x0000000700000000, 0x0000000800000000)
  region size 2048K, 1 young (2048K), 1 survivors (2048K)
 Metaspace       used 109242K, committed 110016K, reserved 983040K
  class space    used 14104K, committed 14464K, reserved 851968K
}
Event: 27.837 GC heap before
{Heap before GC invocations=37 (full 0):
 garbage-first heap   total 178176K, used 142567K [0x0000000700000000, 0x0000000800000000)
  region size 2048K, 31 young (63488K), 1 survivors (2048K)
 Metaspace       used 110619K, committed 111360K, reserved 983040K
  class space    used 14308K, committed 14656K, reserved 851968K
}
Event: 27.840 GC heap after
{Heap after GC invocations=38 (full 0):
 garbage-first heap   total 178176K, used 81304K [0x0000000700000000, 0x0000000800000000)
  region size 2048K, 1 young (2048K), 1 survivors (2048K)
 Metaspace       used 110619K, committed 111360K, reserved 983040K
  class space    used 14308K, committed 14656K, reserved 851968K
}
Event: 27.856 GC heap before
{Heap before GC invocations=38 (full 0):
 garbage-first heap   total 178176K, used 87448K [0x0000000700000000, 0x0000000800000000)
  region size 2048K, 4 young (8192K), 1 survivors (2048K)
 Metaspace       used 110619K, committed 111360K, reserved 983040K
  class space    used 14308K, committed 14656K, reserved 851968K
}
Event: 27.859 GC heap after
{Heap after GC invocations=39 (full 0):
 garbage-first heap   total 178176K, used 77660K [0x0000000700000000, 0x0000000800000000)
  region size 2048K, 1 young (2048K), 1 survivors (2048K)
 Metaspace       used 110619K, committed 111360K, reserved 983040K
  class space    used 14308K, committed 14656K, reserved 851968K
}
Event: 29.657 GC heap before
{Heap before GC invocations=39 (full 0):
 garbage-first heap   total 178176K, used 145244K [0x0000000700000000, 0x0000000800000000)
  region size 2048K, 34 young (69632K), 1 survivors (2048K)
 Metaspace       used 120160K, committed 120896K, reserved 983040K
  class space    used 15539K, committed 15872K, reserved 851968K
}
Event: 29.662 GC heap after
{Heap after GC invocations=40 (full 0):
 garbage-first heap   total 178176K, used 82109K [0x0000000700000000, 0x0000000800000000)
  region size 2048K, 3 young (6144K), 3 survivors (6144K)
 Metaspace       used 120160K, committed 120896K, reserved 983040K
  class space    used 15539K, committed 15872K, reserved 851968K
}
Event: 30.482 GC heap before
{Heap before GC invocations=40 (full 0):
 garbage-first heap   total 178176K, used 145597K [0x0000000700000000, 0x0000000800000000)
  region size 2048K, 34 young (69632K), 3 survivors (6144K)
 Metaspace       used 121781K, committed 122624K, reserved 983040K
  class space    used 15758K, committed 16128K, reserved 851968K
}
Event: 30.497 GC heap after
{Heap after GC invocations=41 (full 0):
 garbage-first heap   total 178176K, used 86521K [0x0000000700000000, 0x0000000800000000)
  region size 2048K, 5 young (10240K), 5 survivors (10240K)
 Metaspace       used 121781K, committed 122624K, reserved 983040K
  class space    used 15758K, committed 16128K, reserved 851968K
}
Event: 32.248 GC heap before
{Heap before GC invocations=41 (full 0):
 garbage-first heap   total 178176K, used 143865K [0x0000000700000000, 0x0000000800000000)
  region size 2048K, 33 young (67584K), 5 survivors (10240K)
 Metaspace       used 128078K, committed 128832K, reserved 983040K
  class space    used 16502K, committed 16832K, reserved 851968K
}
Event: 32.255 GC heap after
{Heap after GC invocations=42 (full 0):
 garbage-first heap   total 178176K, used 85180K [0x0000000700000000, 0x0000000800000000)
  region size 2048K, 2 young (4096K), 2 survivors (4096K)
 Metaspace       used 128078K, committed 128832K, reserved 983040K
  class space    used 16502K, committed 16832K, reserved 851968K
}
Event: 59.720 GC heap before
{Heap before GC invocations=42 (full 0):
 garbage-first heap   total 178176K, used 144572K [0x0000000700000000, 0x0000000800000000)
  region size 2048K, 31 young (63488K), 2 survivors (4096K)
 Metaspace       used 132378K, committed 133184K, reserved 983040K
  class space    used 16916K, committed 17280K, reserved 851968K
}
Event: 59.730 GC heap after
{Heap after GC invocations=43 (full 0):
 garbage-first heap   total 178176K, used 90781K [0x0000000700000000, 0x0000000800000000)
  region size 2048K, 4 young (8192K), 4 survivors (8192K)
 Metaspace       used 132378K, committed 133184K, reserved 983040K
  class space    used 16916K, committed 17280K, reserved 851968K
}
Event: 59.987 GC heap before
{Heap before GC invocations=43 (full 0):
 garbage-first heap   total 178176K, used 141981K [0x0000000700000000, 0x0000000800000000)
  region size 2048K, 30 young (61440K), 4 survivors (8192K)
 Metaspace       used 132443K, committed 133248K, reserved 983040K
  class space    used 16920K, committed 17280K, reserved 851968K
}
Event: 59.994 GC heap after
{Heap after GC invocations=44 (full 0):
 garbage-first heap   total 178176K, used 92418K [0x0000000700000000, 0x0000000800000000)
  region size 2048K, 3 young (6144K), 3 survivors (6144K)
 Metaspace       used 132443K, committed 133248K, reserved 983040K
  class space    used 16920K, committed 17280K, reserved 851968K
}
Event: 60.256 GC heap before
{Heap before GC invocations=44 (full 0):
 garbage-first heap   total 178176K, used 147714K [0x0000000700000000, 0x0000000800000000)
  region size 2048K, 30 young (61440K), 3 survivors (6144K)
 Metaspace       used 132450K, committed 133248K, reserved 983040K
  class space    used 16920K, committed 17280K, reserved 851968K
}

